Setting default socket timeout to 30
beat: Starting...
DatabaseScheduler: initial read
Writing entries...
DatabaseScheduler: Fetching database schedule
Current schedule:
<ModelEntry: terminal.tasks.delete_terminal_status_period terminal.tasks.delete_terminal_status_period(*[], **{}) <freq: 1.00 hour>>
<ModelEntry: terminal.tasks.clean_orphan_session terminal.tasks.clean_orphan_session(*[], **{}) <freq: 1.00 hour>>
beat: Ticking with max interval->1.00 minute
beat: Waking up in 1.00 minute.
beat: Synchronizing schedule...
Writing entries...
beat: Waking up in 1.00 minute.
beat: Waking up in 1.00 minute.
beat: Waking up in 1.00 minute.
beat: Synchronizing schedule...
Writing entries...
beat: Waking up in 1.00 minute.
beat: Waking up in 1.00 minute.
beat: Waking up in 1.00 minute.
beat: Synchronizing schedule...
Writing entries...
beat: Waking up in 1.00 minute.
beat: Waking up in 1.00 minute.
beat: Waking up in 1.00 minute.
beat: Synchronizing schedule...
Writing entries...
beat: Waking up in 1.00 minute.
beat: Waking up in 1.00 minute.
