| Worker: Preparing bootsteps.
| Worker: Building graph...
| Worker: New boot order: {Beat, StateDB, Timer, Hub, Pool, Autoscaler, Consumer}
| Consumer: Preparing bootsteps.
| Consumer: Building graph...
| Consumer: New boot order: {Connection, Events, Mingle, Tasks, Control, Agent, Gossip, Heart, event loop}
| Worker: Starting Hub
^-- substep ok
| Worker: Starting Pool
^-- substep ok
| Worker: Starting Autoscaler
^-- substep ok
| Worker: Starting Consumer
| Consumer: Starting Connection
Connected to redis://:**@127.0.0.1:6379/3
^-- substep ok
| Consumer: Starting Events
^-- substep ok
| Consumer: Starting Mingle
mingle: searching for neighbors
mingle: all alone
^-- substep ok
| Consumer: Starting Tasks
^-- substep ok
| Consumer: Starting Control
^-- substep ok
| Consumer: Starting Gossip
^-- substep ok
| Consumer: Starting Heart
^-- substep ok
| Consumer: Starting event loop
| Worker: Hub.register Autoscaler...
| Worker: Hub.register Pool...
App ready signal recv
Start need start task: [assets.tasks.update_assets_hardware_info_period, assets.tasks.test_admin_user_connectability_period, assets.tasks.test_system_user_connectability_period, terminal.tasks.delete_terminal_status_period, terminal.tasks.clean_orphan_session]
/Users/bruce/Python_virtualenvs/django_tocwebsite_env/lib/python3.6/site-packages/celery/fixups/django.py:202: UserWarning: Using settings.DEBUG leads to a memory leak, never use this setting in production environments!
  warnings.warn('Using settings.DEBUG leads to a memory leak, never '
celery@localhost ready.
basic.qos: prefetch_count->16
Received task: assets.tasks.update_assets_hardware_info_period[b0c062cf-65a8-4cff-8458-ee0cef2a45e6]  
TaskPool: Apply <function _fast_trace_task at 0x10fe92c80> (args:('assets.tasks.update_assets_hardware_info_period', 'b0c062cf-65a8-4cff-8458-ee0cef2a45e6', {'lang': 'py', 'task': 'assets.tasks.update_assets_hardware_info_period', 'id': 'b0c062cf-65a8-4cff-8458-ee0cef2a45e6', 'eta': None, 'expires': None, 'group': None, 'retries': 0, 'timelimit': [None, None], 'root_id': 'b0c062cf-65a8-4cff-8458-ee0cef2a45e6', 'parent_id': None, 'argsrepr': '()', 'kwargsrepr': '{}', 'origin': 'gen1219@localhost', 'reply_to': '71a34820-4c2f-3acd-af2b-8dfedb3ccd18', 'correlation_id': 'b0c062cf-65a8-4cff-8458-ee0cef2a45e6', 'delivery_info': {'exchange': '', 'routing_key': 'celery', 'priority': 0, 'redelivered': None}}, b'\x80\x02)}q\x00}q\x01(X\t\x00\x00\x00callbacksq\x02NX\x08\x00\x00\x00errbacksq\x03NX\x05\x00\x00\x00chainq\x04NX\x05\x00\x00\x00chordq\x05Nu\x87q\x06.', 'application/x-python-serialize', 'binary') kwargs:{})
Received task: assets.tasks.test_admin_user_connectability_period[a10b6388-215c-4f7c-b7cc-c5e3c1a42465]  
TaskPool: Apply <function _fast_trace_task at 0x10fe92c80> (args:('assets.tasks.test_admin_user_connectability_period', 'a10b6388-215c-4f7c-b7cc-c5e3c1a42465', {'lang': 'py', 'task': 'assets.tasks.test_admin_user_connectability_period', 'id': 'a10b6388-215c-4f7c-b7cc-c5e3c1a42465', 'eta': None, 'expires': None, 'group': None, 'retries': 0, 'timelimit': [None, None], 'root_id': 'a10b6388-215c-4f7c-b7cc-c5e3c1a42465', 'parent_id': None, 'argsrepr': '()', 'kwargsrepr': '{}', 'origin': 'gen1219@localhost', 'reply_to': '71a34820-4c2f-3acd-af2b-8dfedb3ccd18', 'correlation_id': 'a10b6388-215c-4f7c-b7cc-c5e3c1a42465', 'delivery_info': {'exchange': '', 'routing_key': 'celery', 'priority': 0, 'redelivered': None}}, b'\x80\x02)}q\x00}q\x01(X\t\x00\x00\x00callbacksq\x02NX\x08\x00\x00\x00errbacksq\x03NX\x05\x00\x00\x00chainq\x04NX\x05\x00\x00\x00chordq\x05Nu\x87q\x06.', 'application/x-python-serialize', 'binary') kwargs:{})
Task accepted: assets.tasks.update_assets_hardware_info_period[b0c062cf-65a8-4cff-8458-ee0cef2a45e6] pid:1240
Received task: assets.tasks.test_system_user_connectability_period[22dcfdbd-0746-4b1f-ac46-dbc3f58907f6]  
TaskPool: Apply <function _fast_trace_task at 0x10fe92c80> (args:('assets.tasks.test_system_user_connectability_period', '22dcfdbd-0746-4b1f-ac46-dbc3f58907f6', {'lang': 'py', 'task': 'assets.tasks.test_system_user_connectability_period', 'id': '22dcfdbd-0746-4b1f-ac46-dbc3f58907f6', 'eta': None, 'expires': None, 'group': None, 'retries': 0, 'timelimit': [None, None], 'root_id': '22dcfdbd-0746-4b1f-ac46-dbc3f58907f6', 'parent_id': None, 'argsrepr': '()', 'kwargsrepr': '{}', 'origin': 'gen1219@localhost', 'reply_to': '71a34820-4c2f-3acd-af2b-8dfedb3ccd18', 'correlation_id': '22dcfdbd-0746-4b1f-ac46-dbc3f58907f6', 'delivery_info': {'exchange': '', 'routing_key': 'celery', 'priority': 0, 'redelivered': None}}, b'\x80\x02)}q\x00}q\x01(X\t\x00\x00\x00callbacksq\x02NX\x08\x00\x00\x00errbacksq\x03NX\x05\x00\x00\x00chainq\x04NX\x05\x00\x00\x00chordq\x05Nu\x87q\x06.', 'application/x-python-serialize', 'binary') kwargs:{})
Task accepted: assets.tasks.test_admin_user_connectability_period[a10b6388-215c-4f7c-b7cc-c5e3c1a42465] pid:1239
Received task: terminal.tasks.delete_terminal_status_period[da6d0bbb-c6a6-4dad-ad61-0ea4a8e8e128]  
TaskPool: Apply <function _fast_trace_task at 0x10fe92c80> (args:('terminal.tasks.delete_terminal_status_period', 'da6d0bbb-c6a6-4dad-ad61-0ea4a8e8e128', {'lang': 'py', 'task': 'terminal.tasks.delete_terminal_status_period', 'id': 'da6d0bbb-c6a6-4dad-ad61-0ea4a8e8e128', 'eta': None, 'expires': None, 'group': None, 'retries': 0, 'timelimit': [None, None], 'root_id': 'da6d0bbb-c6a6-4dad-ad61-0ea4a8e8e128', 'parent_id': None, 'argsrepr': '()', 'kwargsrepr': '{}', 'origin': 'gen1219@localhost', 'reply_to': '71a34820-4c2f-3acd-af2b-8dfedb3ccd18', 'correlation_id': 'da6d0bbb-c6a6-4dad-ad61-0ea4a8e8e128', 'delivery_info': {'exchange': '', 'routing_key': 'celery', 'priority': 0, 'redelivered': None}}, b'\x80\x02)}q\x00}q\x01(X\t\x00\x00\x00callbacksq\x02NX\x08\x00\x00\x00errbacksq\x03NX\x05\x00\x00\x00chainq\x04NX\x05\x00\x00\x00chordq\x05Nu\x87q\x06.', 'application/x-python-serialize', 'binary') kwargs:{})
Task accepted: assets.tasks.test_system_user_connectability_period[22dcfdbd-0746-4b1f-ac46-dbc3f58907f6] pid:1241
Received task: terminal.tasks.clean_orphan_session[daa97249-559f-4478-af2b-72ac8e3041b5]  
Scaling up 1 processes.
Signal handler <function pre_run_task_signal_handler at 0x1115f86a8> raised: FileExistsError(17, 'File exists')
Traceback (most recent call last):
  File "/Users/bruce/Python_virtualenvs/django_tocwebsite_env/lib/python3.6/site-packages/celery/utils/dispatch/signal.py", line 227, in send
    response = receiver(signal=self, sender=sender, **named)
  File "/Users/bruce/code/tocadminwebsite/apps/ops/celery/signal_handler.py", line 79, in pre_run_task_signal_handler
    os.makedirs(os.path.dirname(full_path))
  File "/Users/bruce/Python_virtualenvs/django_tocwebsite_env/bin/../lib/python3.6/os.py", line 220, in makedirs
    mkdir(name, mode)
FileExistsError: [Errno 17] File exists: '/Users/bruce/code/tocadminwebsite/data/celery/2018-12-11'
Period task disabled, test system user connectability pass
Task assets.tasks.test_system_user_connectability_period[22dcfdbd-0746-4b1f-ac46-dbc3f58907f6] succeeded in 0.2108985439999742s: None
Period task disabled, test admin user connectability pass
Period task disabled, update assets hardware info pass
Task assets.tasks.update_assets_hardware_info_period[b0c062cf-65a8-4cff-8458-ee0cef2a45e6] succeeded in 0.2557027129996641s: None
Task assets.tasks.test_admin_user_connectability_period[a10b6388-215c-4f7c-b7cc-c5e3c1a42465] succeeded in 0.24005462100012664s: None
Signal handler <function post_run_task_signal_handler at 0x1115f8730> raised: AttributeError("'test_system_user_connectability_period' object has no attribute 'log_f'",)
Traceback (most recent call last):
  File "/Users/bruce/Python_virtualenvs/django_tocwebsite_env/lib/python3.6/site-packages/celery/utils/dispatch/signal.py", line 227, in send
    response = receiver(signal=self, sender=sender, **named)
  File "/Users/bruce/code/tocadminwebsite/apps/ops/celery/signal_handler.py", line 101, in post_run_task_signal_handler
    task.log_f.flush()
AttributeError: 'test_system_user_connectability_period' object has no attribute 'log_f'
TaskPool: Apply <function _fast_trace_task at 0x10fe92c80> (args:('terminal.tasks.clean_orphan_session', 'daa97249-559f-4478-af2b-72ac8e3041b5', {'lang': 'py', 'task': 'terminal.tasks.clean_orphan_session', 'id': 'daa97249-559f-4478-af2b-72ac8e3041b5', 'eta': None, 'expires': None, 'group': None, 'retries': 0, 'timelimit': [None, None], 'root_id': 'daa97249-559f-4478-af2b-72ac8e3041b5', 'parent_id': None, 'argsrepr': '()', 'kwargsrepr': '{}', 'origin': 'gen1219@localhost', 'reply_to': '71a34820-4c2f-3acd-af2b-8dfedb3ccd18', 'correlation_id': 'daa97249-559f-4478-af2b-72ac8e3041b5', 'delivery_info': {'exchange': '', 'routing_key': 'celery', 'priority': 0, 'redelivered': None}}, b'\x80\x02)}q\x00}q\x01(X\t\x00\x00\x00callbacksq\x02NX\x08\x00\x00\x00errbacksq\x03NX\x05\x00\x00\x00chainq\x04NX\x05\x00\x00\x00chordq\x05Nu\x87q\x06.', 'application/x-python-serialize', 'binary') kwargs:{})
basic.qos: prefetch_count->20
Task accepted: terminal.tasks.delete_terminal_status_period[da6d0bbb-c6a6-4dad-ad61-0ea4a8e8e128] pid:1242
Task accepted: terminal.tasks.clean_orphan_session[daa97249-559f-4478-af2b-72ac8e3041b5] pid:1239
Task terminal.tasks.delete_terminal_status_period[da6d0bbb-c6a6-4dad-ad61-0ea4a8e8e128] succeeded in 0.23168187600003876s: None
Task terminal.tasks.clean_orphan_session[daa97249-559f-4478-af2b-72ac8e3041b5] succeeded in 0.20161171600011585s: None
Received task: users.tasks.write_login_log_async[c15899a6-6ead-4d07-9e20-63074f340925]  
Scaling down 1 processes.
TaskPool: Apply <function _fast_trace_task at 0x10fe92c80> (args:('users.tasks.write_login_log_async', 'c15899a6-6ead-4d07-9e20-63074f340925', {'lang': 'py', 'task': 'users.tasks.write_login_log_async', 'id': 'c15899a6-6ead-4d07-9e20-63074f340925', 'eta': None, 'expires': None, 'group': None, 'retries': 0, 'timelimit': [None, None], 'root_id': 'c15899a6-6ead-4d07-9e20-63074f340925', 'parent_id': None, 'argsrepr': '()', 'kwargsrepr': "{'username': 'admin', 'mfa': 0, 'reason': 0, 'status': True, 'ip': '127.0.0.1', 'type': 'W', 'user_agent': 'Mozilla/5.0 (Macintosh; Intel Mac OS X 10_14_2) AppleWebKit/537.36 (KHTML, like Gecko) Chrome/71.0.3578.80 Safari/537.36'}", 'origin': 'gen1212@localhost', 'reply_to': 'f0e53949-f769-3ad4-95fc-5989a2f9cc20', 'correlation_id': 'c15899a6-6ead-4d07-9e20-63074f340925', 'delivery_info': {'exchange': '', 'routing_key': 'celery', 'priority': 0, 'redelivered': None}},... kwargs:{})
basic.qos: prefetch_count->16
Task accepted: users.tasks.write_login_log_async[c15899a6-6ead-4d07-9e20-63074f340925] pid:1242
Starting new HTTP connection (1): ip.taobao.com
http://ip.taobao.com:80 "GET /service/getIpInfo.php?ip=127.0.0.1 HTTP/1.1" 200 None
Task users.tasks.write_login_log_async[c15899a6-6ead-4d07-9e20-63074f340925] succeeded in 0.2465082529997744s: None
| Worker: Closing Hub...
| Worker: Closing Pool...
| Worker: Closing Autoscaler...
| Worker: Closing Consumer...
| Worker: Stopping Consumer...
| Consumer: Closing Connection...
| Consumer: Closing Events...
| Consumer: Closing Mingle...
| Consumer: Closing Tasks...
| Consumer: Closing Control...
| Consumer: Closing Gossip...
| Consumer: Closing Heart...
| Consumer: Closing event loop...
| Consumer: Stopping event loop...
| Consumer: Stopping Heart...
| Consumer: Stopping Gossip...
| Consumer: Stopping Control...
| Consumer: Stopping Tasks...
Canceling task consumer...
| Consumer: Stopping Mingle...
| Consumer: Stopping Events...
| Consumer: Stopping Connection...
| Worker: Stopping Autoscaler...
| Worker: Stopping Pool...
| Worker: Stopping Hub...
| Consumer: Shutdown Heart...
| Consumer: Shutdown Gossip...
| Consumer: Shutdown Control...
| Consumer: Shutdown Tasks...
Canceling task consumer...
Closing consumer channel...
| Consumer: Shutdown Events...
| Consumer: Shutdown Connection...
App shutdown signal recv
Clean need cleaned period tasks: [assets.tasks.update_assets_hardware_info_period, assets.tasks.test_admin_user_connectability_period, assets.tasks.test_system_user_connectability_period]
removing tasks from inqueue until task handler finished
| Worker: Preparing bootsteps.
| Worker: Building graph...
| Worker: New boot order: {StateDB, Beat, Timer, Hub, Pool, Autoscaler, Consumer}
| Consumer: Preparing bootsteps.
| Consumer: Building graph...
| Consumer: New boot order: {Connection, Events, Mingle, Gossip, Heart, Tasks, Control, Agent, event loop}
| Worker: Starting Hub
^-- substep ok
| Worker: Starting Pool
^-- substep ok
| Worker: Starting Autoscaler
^-- substep ok
| Worker: Starting Consumer
| Consumer: Starting Connection
Connected to redis://:**@127.0.0.1:6379/3
^-- substep ok
| Consumer: Starting Events
^-- substep ok
| Consumer: Starting Mingle
mingle: searching for neighbors
mingle: all alone
^-- substep ok
| Consumer: Starting Gossip
^-- substep ok
| Consumer: Starting Heart
^-- substep ok
| Consumer: Starting Tasks
^-- substep ok
| Consumer: Starting Control
^-- substep ok
| Consumer: Starting event loop
| Worker: Hub.register Autoscaler...
| Worker: Hub.register Pool...
App ready signal recv
Start need start task: [assets.tasks.update_assets_hardware_info_period, assets.tasks.test_admin_user_connectability_period, assets.tasks.test_system_user_connectability_period, terminal.tasks.delete_terminal_status_period, terminal.tasks.clean_orphan_session]
/Users/bruce/Python_virtualenvs/django_tocwebsite_env/lib/python3.6/site-packages/celery/fixups/django.py:202: UserWarning: Using settings.DEBUG leads to a memory leak, never use this setting in production environments!
  warnings.warn('Using settings.DEBUG leads to a memory leak, never '
celery@localhost ready.
basic.qos: prefetch_count->16
Received task: assets.tasks.update_assets_hardware_info_period[5b186e43-b395-45d1-833b-89bcbf255b47]  
TaskPool: Apply <function _fast_trace_task at 0x109256c80> (args:('assets.tasks.update_assets_hardware_info_period', '5b186e43-b395-45d1-833b-89bcbf255b47', {'lang': 'py', 'task': 'assets.tasks.update_assets_hardware_info_period', 'id': '5b186e43-b395-45d1-833b-89bcbf255b47', 'eta': None, 'expires': None, 'group': None, 'retries': 0, 'timelimit': [None, None], 'root_id': '5b186e43-b395-45d1-833b-89bcbf255b47', 'parent_id': None, 'argsrepr': '()', 'kwargsrepr': '{}', 'origin': 'gen1499@localhost', 'reply_to': '742d7746-0a3c-3f3d-98a9-5179ee59f2e2', 'correlation_id': '5b186e43-b395-45d1-833b-89bcbf255b47', 'delivery_info': {'exchange': '', 'routing_key': 'celery', 'priority': 0, 'redelivered': None}}, b'\x80\x02)}q\x00}q\x01(X\t\x00\x00\x00callbacksq\x02NX\x08\x00\x00\x00errbacksq\x03NX\x05\x00\x00\x00chainq\x04NX\x05\x00\x00\x00chordq\x05Nu\x87q\x06.', 'application/x-python-serialize', 'binary') kwargs:{})
Received task: assets.tasks.test_admin_user_connectability_period[9e4370e6-0127-43cc-a56e-c39a32b1f7a2]  
TaskPool: Apply <function _fast_trace_task at 0x109256c80> (args:('assets.tasks.test_admin_user_connectability_period', '9e4370e6-0127-43cc-a56e-c39a32b1f7a2', {'lang': 'py', 'task': 'assets.tasks.test_admin_user_connectability_period', 'id': '9e4370e6-0127-43cc-a56e-c39a32b1f7a2', 'eta': None, 'expires': None, 'group': None, 'retries': 0, 'timelimit': [None, None], 'root_id': '9e4370e6-0127-43cc-a56e-c39a32b1f7a2', 'parent_id': None, 'argsrepr': '()', 'kwargsrepr': '{}', 'origin': 'gen1499@localhost', 'reply_to': '742d7746-0a3c-3f3d-98a9-5179ee59f2e2', 'correlation_id': '9e4370e6-0127-43cc-a56e-c39a32b1f7a2', 'delivery_info': {'exchange': '', 'routing_key': 'celery', 'priority': 0, 'redelivered': None}}, b'\x80\x02)}q\x00}q\x01(X\t\x00\x00\x00callbacksq\x02NX\x08\x00\x00\x00errbacksq\x03NX\x05\x00\x00\x00chainq\x04NX\x05\x00\x00\x00chordq\x05Nu\x87q\x06.', 'application/x-python-serialize', 'binary') kwargs:{})
Task accepted: assets.tasks.update_assets_hardware_info_period[5b186e43-b395-45d1-833b-89bcbf255b47] pid:1512
Received task: assets.tasks.test_system_user_connectability_period[d67e5c49-4532-4636-9738-ea4d6bdfb569]  
TaskPool: Apply <function _fast_trace_task at 0x109256c80> (args:('assets.tasks.test_system_user_connectability_period', 'd67e5c49-4532-4636-9738-ea4d6bdfb569', {'lang': 'py', 'task': 'assets.tasks.test_system_user_connectability_period', 'id': 'd67e5c49-4532-4636-9738-ea4d6bdfb569', 'eta': None, 'expires': None, 'group': None, 'retries': 0, 'timelimit': [None, None], 'root_id': 'd67e5c49-4532-4636-9738-ea4d6bdfb569', 'parent_id': None, 'argsrepr': '()', 'kwargsrepr': '{}', 'origin': 'gen1499@localhost', 'reply_to': '742d7746-0a3c-3f3d-98a9-5179ee59f2e2', 'correlation_id': 'd67e5c49-4532-4636-9738-ea4d6bdfb569', 'delivery_info': {'exchange': '', 'routing_key': 'celery', 'priority': 0, 'redelivered': None}}, b'\x80\x02)}q\x00}q\x01(X\t\x00\x00\x00callbacksq\x02NX\x08\x00\x00\x00errbacksq\x03NX\x05\x00\x00\x00chainq\x04NX\x05\x00\x00\x00chordq\x05Nu\x87q\x06.', 'application/x-python-serialize', 'binary') kwargs:{})
Task accepted: assets.tasks.test_admin_user_connectability_period[9e4370e6-0127-43cc-a56e-c39a32b1f7a2] pid:1511
Received task: terminal.tasks.delete_terminal_status_period[25de942d-68c3-4bac-b061-4e08adfa2f85]  
TaskPool: Apply <function _fast_trace_task at 0x109256c80> (args:('terminal.tasks.delete_terminal_status_period', '25de942d-68c3-4bac-b061-4e08adfa2f85', {'lang': 'py', 'task': 'terminal.tasks.delete_terminal_status_period', 'id': '25de942d-68c3-4bac-b061-4e08adfa2f85', 'eta': None, 'expires': None, 'group': None, 'retries': 0, 'timelimit': [None, None], 'root_id': '25de942d-68c3-4bac-b061-4e08adfa2f85', 'parent_id': None, 'argsrepr': '()', 'kwargsrepr': '{}', 'origin': 'gen1499@localhost', 'reply_to': '742d7746-0a3c-3f3d-98a9-5179ee59f2e2', 'correlation_id': '25de942d-68c3-4bac-b061-4e08adfa2f85', 'delivery_info': {'exchange': '', 'routing_key': 'celery', 'priority': 0, 'redelivered': None}}, b'\x80\x02)}q\x00}q\x01(X\t\x00\x00\x00callbacksq\x02NX\x08\x00\x00\x00errbacksq\x03NX\x05\x00\x00\x00chainq\x04NX\x05\x00\x00\x00chordq\x05Nu\x87q\x06.', 'application/x-python-serialize', 'binary') kwargs:{})
Task accepted: assets.tasks.test_system_user_connectability_period[d67e5c49-4532-4636-9738-ea4d6bdfb569] pid:1514
Received task: terminal.tasks.clean_orphan_session[400c1cfc-ed1d-441c-ade8-efd01dafb472]  
Scaling up 1 processes.
TaskPool: Apply <function _fast_trace_task at 0x109256c80> (args:('terminal.tasks.clean_orphan_session', '400c1cfc-ed1d-441c-ade8-efd01dafb472', {'lang': 'py', 'task': 'terminal.tasks.clean_orphan_session', 'id': '400c1cfc-ed1d-441c-ade8-efd01dafb472', 'eta': None, 'expires': None, 'group': None, 'retries': 0, 'timelimit': [None, None], 'root_id': '400c1cfc-ed1d-441c-ade8-efd01dafb472', 'parent_id': None, 'argsrepr': '()', 'kwargsrepr': '{}', 'origin': 'gen1499@localhost', 'reply_to': '742d7746-0a3c-3f3d-98a9-5179ee59f2e2', 'correlation_id': '400c1cfc-ed1d-441c-ade8-efd01dafb472', 'delivery_info': {'exchange': '', 'routing_key': 'celery', 'priority': 0, 'redelivered': None}}, b'\x80\x02)}q\x00}q\x01(X\t\x00\x00\x00callbacksq\x02NX\x08\x00\x00\x00errbacksq\x03NX\x05\x00\x00\x00chainq\x04NX\x05\x00\x00\x00chordq\x05Nu\x87q\x06.', 'application/x-python-serialize', 'binary') kwargs:{})
Task accepted: terminal.tasks.delete_terminal_status_period[25de942d-68c3-4bac-b061-4e08adfa2f85] pid:1513
basic.qos: prefetch_count->20
Task accepted: terminal.tasks.clean_orphan_session[400c1cfc-ed1d-441c-ade8-efd01dafb472] pid:1515
Period task disabled, update assets hardware info pass
Period task disabled, test admin user connectability pass
Task assets.tasks.update_assets_hardware_info_period[5b186e43-b395-45d1-833b-89bcbf255b47] succeeded in 0.19675266099966393s: None
Task assets.tasks.test_admin_user_connectability_period[9e4370e6-0127-43cc-a56e-c39a32b1f7a2] succeeded in 0.1951952319996053s: None
Period task disabled, test system user connectability pass
Task assets.tasks.test_system_user_connectability_period[d67e5c49-4532-4636-9738-ea4d6bdfb569] succeeded in 0.19824519800022244s: None
Task terminal.tasks.delete_terminal_status_period[25de942d-68c3-4bac-b061-4e08adfa2f85] succeeded in 0.22248785400006454s: None
Task terminal.tasks.clean_orphan_session[400c1cfc-ed1d-441c-ade8-efd01dafb472] succeeded in 0.1520007990002341s: None
Scaling down 1 processes.
basic.qos: prefetch_count->16
| Worker: Closing Hub...
| Worker: Closing Pool...
| Worker: Closing Autoscaler...
| Worker: Closing Consumer...
| Worker: Stopping Consumer...
| Consumer: Closing Connection...
| Consumer: Closing Events...
| Consumer: Closing Mingle...
| Consumer: Closing Gossip...
| Consumer: Closing Heart...
| Consumer: Closing Tasks...
| Consumer: Closing Control...
| Consumer: Closing event loop...
| Consumer: Stopping event loop...
| Consumer: Stopping Control...
| Consumer: Stopping Tasks...
Canceling task consumer...
| Consumer: Stopping Heart...
| Consumer: Stopping Gossip...
| Consumer: Stopping Mingle...
| Consumer: Stopping Events...
| Consumer: Stopping Connection...
| Worker: Stopping Autoscaler...
| Worker: Stopping Pool...
| Worker: Stopping Hub...
| Consumer: Shutdown Control...
| Consumer: Shutdown Tasks...
Canceling task consumer...
Closing consumer channel...
| Consumer: Shutdown Heart...
| Consumer: Shutdown Gossip...
| Consumer: Shutdown Events...
| Consumer: Shutdown Connection...
App shutdown signal recv
Clean need cleaned period tasks: [assets.tasks.update_assets_hardware_info_period, assets.tasks.test_admin_user_connectability_period, assets.tasks.test_system_user_connectability_period]
removing tasks from inqueue until task handler finished
| Worker: Preparing bootsteps.
| Worker: Building graph...
| Worker: New boot order: {Beat, StateDB, Timer, Hub, Pool, Autoscaler, Consumer}
| Consumer: Preparing bootsteps.
| Consumer: Building graph...
| Consumer: New boot order: {Connection, Agent, Events, Mingle, Gossip, Tasks, Control, Heart, event loop}
| Worker: Starting Hub
^-- substep ok
| Worker: Starting Pool
^-- substep ok
| Worker: Starting Autoscaler
^-- substep ok
| Worker: Starting Consumer
| Consumer: Starting Connection
Connected to redis://:**@127.0.0.1:6379/3
^-- substep ok
| Consumer: Starting Events
^-- substep ok
| Consumer: Starting Mingle
mingle: searching for neighbors
mingle: all alone
^-- substep ok
| Consumer: Starting Gossip
^-- substep ok
| Consumer: Starting Tasks
^-- substep ok
| Consumer: Starting Control
^-- substep ok
| Consumer: Starting Heart
^-- substep ok
| Consumer: Starting event loop
| Worker: Hub.register Autoscaler...
| Worker: Hub.register Pool...
App ready signal recv
Start need start task: [assets.tasks.update_assets_hardware_info_period, assets.tasks.test_admin_user_connectability_period, assets.tasks.test_system_user_connectability_period, terminal.tasks.delete_terminal_status_period, terminal.tasks.clean_orphan_session]
/Users/bruce/Python_virtualenvs/django_tocwebsite_env/lib/python3.6/site-packages/celery/fixups/django.py:202: UserWarning: Using settings.DEBUG leads to a memory leak, never use this setting in production environments!
  warnings.warn('Using settings.DEBUG leads to a memory leak, never '
celery@localhost ready.
basic.qos: prefetch_count->16
Received task: assets.tasks.update_assets_hardware_info_period[f7c5451d-8160-4aea-96f4-05447eeae989]  
TaskPool: Apply <function _fast_trace_task at 0x10dc47c80> (args:('assets.tasks.update_assets_hardware_info_period', 'f7c5451d-8160-4aea-96f4-05447eeae989', {'lang': 'py', 'task': 'assets.tasks.update_assets_hardware_info_period', 'id': 'f7c5451d-8160-4aea-96f4-05447eeae989', 'eta': None, 'expires': None, 'group': None, 'retries': 0, 'timelimit': [None, None], 'root_id': 'f7c5451d-8160-4aea-96f4-05447eeae989', 'parent_id': None, 'argsrepr': '()', 'kwargsrepr': '{}', 'origin': 'gen1637@localhost', 'reply_to': '3cd59768-2df6-35ff-a7c5-e26eb7cb537d', 'correlation_id': 'f7c5451d-8160-4aea-96f4-05447eeae989', 'delivery_info': {'exchange': '', 'routing_key': 'celery', 'priority': 0, 'redelivered': None}}, b'\x80\x02)}q\x00}q\x01(X\t\x00\x00\x00callbacksq\x02NX\x08\x00\x00\x00errbacksq\x03NX\x05\x00\x00\x00chainq\x04NX\x05\x00\x00\x00chordq\x05Nu\x87q\x06.', 'application/x-python-serialize', 'binary') kwargs:{})
Task accepted: assets.tasks.update_assets_hardware_info_period[f7c5451d-8160-4aea-96f4-05447eeae989] pid:1648
Received task: assets.tasks.test_admin_user_connectability_period[3429b2f2-bf35-48a4-a1d7-b38b10076dee]  
TaskPool: Apply <function _fast_trace_task at 0x10dc47c80> (args:('assets.tasks.test_admin_user_connectability_period', '3429b2f2-bf35-48a4-a1d7-b38b10076dee', {'lang': 'py', 'task': 'assets.tasks.test_admin_user_connectability_period', 'id': '3429b2f2-bf35-48a4-a1d7-b38b10076dee', 'eta': None, 'expires': None, 'group': None, 'retries': 0, 'timelimit': [None, None], 'root_id': '3429b2f2-bf35-48a4-a1d7-b38b10076dee', 'parent_id': None, 'argsrepr': '()', 'kwargsrepr': '{}', 'origin': 'gen1637@localhost', 'reply_to': '3cd59768-2df6-35ff-a7c5-e26eb7cb537d', 'correlation_id': '3429b2f2-bf35-48a4-a1d7-b38b10076dee', 'delivery_info': {'exchange': '', 'routing_key': 'celery', 'priority': 0, 'redelivered': None}}, b'\x80\x02)}q\x00}q\x01(X\t\x00\x00\x00callbacksq\x02NX\x08\x00\x00\x00errbacksq\x03NX\x05\x00\x00\x00chainq\x04NX\x05\x00\x00\x00chordq\x05Nu\x87q\x06.', 'application/x-python-serialize', 'binary') kwargs:{})
Received task: assets.tasks.test_system_user_connectability_period[fcdd9b80-068d-4be5-87eb-611c8684e0be]  
TaskPool: Apply <function _fast_trace_task at 0x10dc47c80> (args:('assets.tasks.test_system_user_connectability_period', 'fcdd9b80-068d-4be5-87eb-611c8684e0be', {'lang': 'py', 'task': 'assets.tasks.test_system_user_connectability_period', 'id': 'fcdd9b80-068d-4be5-87eb-611c8684e0be', 'eta': None, 'expires': None, 'group': None, 'retries': 0, 'timelimit': [None, None], 'root_id': 'fcdd9b80-068d-4be5-87eb-611c8684e0be', 'parent_id': None, 'argsrepr': '()', 'kwargsrepr': '{}', 'origin': 'gen1637@localhost', 'reply_to': '3cd59768-2df6-35ff-a7c5-e26eb7cb537d', 'correlation_id': 'fcdd9b80-068d-4be5-87eb-611c8684e0be', 'delivery_info': {'exchange': '', 'routing_key': 'celery', 'priority': 0, 'redelivered': None}}, b'\x80\x02)}q\x00}q\x01(X\t\x00\x00\x00callbacksq\x02NX\x08\x00\x00\x00errbacksq\x03NX\x05\x00\x00\x00chainq\x04NX\x05\x00\x00\x00chordq\x05Nu\x87q\x06.', 'application/x-python-serialize', 'binary') kwargs:{})
Task accepted: assets.tasks.test_admin_user_connectability_period[3429b2f2-bf35-48a4-a1d7-b38b10076dee] pid:1647
Received task: terminal.tasks.delete_terminal_status_period[90c0de5e-2726-4093-8a39-8b6dd1d75092]  
TaskPool: Apply <function _fast_trace_task at 0x10dc47c80> (args:('terminal.tasks.delete_terminal_status_period', '90c0de5e-2726-4093-8a39-8b6dd1d75092', {'lang': 'py', 'task': 'terminal.tasks.delete_terminal_status_period', 'id': '90c0de5e-2726-4093-8a39-8b6dd1d75092', 'eta': None, 'expires': None, 'group': None, 'retries': 0, 'timelimit': [None, None], 'root_id': '90c0de5e-2726-4093-8a39-8b6dd1d75092', 'parent_id': None, 'argsrepr': '()', 'kwargsrepr': '{}', 'origin': 'gen1637@localhost', 'reply_to': '3cd59768-2df6-35ff-a7c5-e26eb7cb537d', 'correlation_id': '90c0de5e-2726-4093-8a39-8b6dd1d75092', 'delivery_info': {'exchange': '', 'routing_key': 'celery', 'priority': 0, 'redelivered': None}}, b'\x80\x02)}q\x00}q\x01(X\t\x00\x00\x00callbacksq\x02NX\x08\x00\x00\x00errbacksq\x03NX\x05\x00\x00\x00chainq\x04NX\x05\x00\x00\x00chordq\x05Nu\x87q\x06.', 'application/x-python-serialize', 'binary') kwargs:{})
Task accepted: assets.tasks.test_system_user_connectability_period[fcdd9b80-068d-4be5-87eb-611c8684e0be] pid:1650
Received task: terminal.tasks.clean_orphan_session[0193b7ce-084f-4d9d-a1fe-5b1390c318f3]  
Scaling up 1 processes.
TaskPool: Apply <function _fast_trace_task at 0x10dc47c80> (args:('terminal.tasks.clean_orphan_session', '0193b7ce-084f-4d9d-a1fe-5b1390c318f3', {'lang': 'py', 'task': 'terminal.tasks.clean_orphan_session', 'id': '0193b7ce-084f-4d9d-a1fe-5b1390c318f3', 'eta': None, 'expires': None, 'group': None, 'retries': 0, 'timelimit': [None, None], 'root_id': '0193b7ce-084f-4d9d-a1fe-5b1390c318f3', 'parent_id': None, 'argsrepr': '()', 'kwargsrepr': '{}', 'origin': 'gen1637@localhost', 'reply_to': '3cd59768-2df6-35ff-a7c5-e26eb7cb537d', 'correlation_id': '0193b7ce-084f-4d9d-a1fe-5b1390c318f3', 'delivery_info': {'exchange': '', 'routing_key': 'celery', 'priority': 0, 'redelivered': None}}, b'\x80\x02)}q\x00}q\x01(X\t\x00\x00\x00callbacksq\x02NX\x08\x00\x00\x00errbacksq\x03NX\x05\x00\x00\x00chainq\x04NX\x05\x00\x00\x00chordq\x05Nu\x87q\x06.', 'application/x-python-serialize', 'binary') kwargs:{})
basic.qos: prefetch_count->20
Task accepted: terminal.tasks.delete_terminal_status_period[90c0de5e-2726-4093-8a39-8b6dd1d75092] pid:1649
Task accepted: terminal.tasks.clean_orphan_session[0193b7ce-084f-4d9d-a1fe-5b1390c318f3] pid:1651
Period task disabled, update assets hardware info pass
Period task disabled, test admin user connectability pass
Task assets.tasks.update_assets_hardware_info_period[f7c5451d-8160-4aea-96f4-05447eeae989] succeeded in 0.17193875100019795s: None
Period task disabled, test system user connectability pass
Task assets.tasks.test_admin_user_connectability_period[3429b2f2-bf35-48a4-a1d7-b38b10076dee] succeeded in 0.1752036269999735s: None
Task assets.tasks.test_system_user_connectability_period[fcdd9b80-068d-4be5-87eb-611c8684e0be] succeeded in 0.1836770419995446s: None
Task terminal.tasks.delete_terminal_status_period[90c0de5e-2726-4093-8a39-8b6dd1d75092] succeeded in 0.16062233299999207s: None
Task terminal.tasks.clean_orphan_session[0193b7ce-084f-4d9d-a1fe-5b1390c318f3] succeeded in 0.16189052699974127s: None
Received task: users.tasks.write_login_log_async[5dcdc562-277b-4edf-a2d4-95c32568a86b]  
TaskPool: Apply <function _fast_trace_task at 0x10dc47c80> (args:('users.tasks.write_login_log_async', '5dcdc562-277b-4edf-a2d4-95c32568a86b', {'lang': 'py', 'task': 'users.tasks.write_login_log_async', 'id': '5dcdc562-277b-4edf-a2d4-95c32568a86b', 'eta': None, 'expires': None, 'group': None, 'retries': 0, 'timelimit': [None, None], 'root_id': '5dcdc562-277b-4edf-a2d4-95c32568a86b', 'parent_id': None, 'argsrepr': '()', 'kwargsrepr': "{'username': 'admin', 'mfa': 0, 'reason': 0, 'status': True, 'ip': '127.0.0.1', 'type': 'W', 'user_agent': 'Mozilla/5.0 (Macintosh; Intel Mac OS X 10_14_2) AppleWebKit/537.36 (KHTML, like Gecko) Chrome/71.0.3578.80 Safari/537.36'}", 'origin': 'gen1633@localhost', 'reply_to': 'ec7ad0e2-b6f1-3084-bd1c-b76b3eb28a9a', 'correlation_id': '5dcdc562-277b-4edf-a2d4-95c32568a86b', 'delivery_info': {'exchange': '', 'routing_key': 'celery', 'priority': 0, 'redelivered': None}},... kwargs:{})
Task accepted: users.tasks.write_login_log_async[5dcdc562-277b-4edf-a2d4-95c32568a86b] pid:1650
Starting new HTTP connection (1): ip.taobao.com
http://ip.taobao.com:80 "GET /service/getIpInfo.php?ip=127.0.0.1 HTTP/1.1" 200 None
Task users.tasks.write_login_log_async[5dcdc562-277b-4edf-a2d4-95c32568a86b] succeeded in 0.27370763899943995s: None
Scaling down 1 processes.
basic.qos: prefetch_count->16
| Worker: Closing Hub...
| Worker: Closing Pool...
| Worker: Closing Autoscaler...
| Worker: Closing Consumer...
| Worker: Stopping Consumer...
| Consumer: Closing Connection...
| Consumer: Closing Events...
| Consumer: Closing Mingle...
| Consumer: Closing Gossip...
| Consumer: Closing Tasks...
| Consumer: Closing Control...
| Consumer: Closing Heart...
| Consumer: Closing event loop...
| Consumer: Stopping event loop...
| Consumer: Stopping Heart...
| Consumer: Stopping Control...
| Consumer: Stopping Tasks...
Canceling task consumer...
| Consumer: Stopping Gossip...
| Consumer: Stopping Mingle...
| Consumer: Stopping Events...
| Consumer: Stopping Connection...
| Worker: Stopping Autoscaler...
| Worker: Stopping Pool...
| Worker: Stopping Hub...
| Consumer: Shutdown Heart...
| Consumer: Shutdown Control...
| Consumer: Shutdown Tasks...
Canceling task consumer...
Closing consumer channel...
| Consumer: Shutdown Gossip...
| Consumer: Shutdown Events...
| Consumer: Shutdown Connection...
App shutdown signal recv
Clean need cleaned period tasks: [assets.tasks.update_assets_hardware_info_period, assets.tasks.test_admin_user_connectability_period, assets.tasks.test_system_user_connectability_period]
removing tasks from inqueue until task handler finished
| Worker: Preparing bootsteps.
| Worker: Building graph...
| Worker: New boot order: {StateDB, Timer, Hub, Pool, Autoscaler, Beat, Consumer}
| Consumer: Preparing bootsteps.
| Consumer: Building graph...
| Consumer: New boot order: {Connection, Agent, Events, Heart, Mingle, Tasks, Control, Gossip, event loop}
| Worker: Starting Hub
^-- substep ok
| Worker: Starting Pool
^-- substep ok
| Worker: Starting Autoscaler
^-- substep ok
| Worker: Starting Consumer
| Consumer: Starting Connection
Connected to redis://:**@127.0.0.1:6379/3
^-- substep ok
| Consumer: Starting Events
^-- substep ok
| Consumer: Starting Heart
^-- substep ok
| Consumer: Starting Mingle
mingle: searching for neighbors
mingle: all alone
^-- substep ok
| Consumer: Starting Tasks
^-- substep ok
| Consumer: Starting Control
^-- substep ok
| Consumer: Starting Gossip
^-- substep ok
| Consumer: Starting event loop
| Worker: Hub.register Autoscaler...
| Worker: Hub.register Pool...
App ready signal recv
Start need start task: [assets.tasks.update_assets_hardware_info_period, assets.tasks.test_admin_user_connectability_period, assets.tasks.test_system_user_connectability_period, terminal.tasks.delete_terminal_status_period, terminal.tasks.clean_orphan_session]
/Users/bruce/Python_virtualenvs/django_tocwebsite_env/lib/python3.6/site-packages/celery/fixups/django.py:202: UserWarning: Using settings.DEBUG leads to a memory leak, never use this setting in production environments!
  warnings.warn('Using settings.DEBUG leads to a memory leak, never '
celery@localhost ready.
basic.qos: prefetch_count->16
Received task: assets.tasks.update_assets_hardware_info_period[2526678d-179a-4ab9-984e-9bafbf454cd4]  
TaskPool: Apply <function _fast_trace_task at 0x107e0bc80> (args:('assets.tasks.update_assets_hardware_info_period', '2526678d-179a-4ab9-984e-9bafbf454cd4', {'lang': 'py', 'task': 'assets.tasks.update_assets_hardware_info_period', 'id': '2526678d-179a-4ab9-984e-9bafbf454cd4', 'eta': None, 'expires': None, 'group': None, 'retries': 0, 'timelimit': [None, None], 'root_id': '2526678d-179a-4ab9-984e-9bafbf454cd4', 'parent_id': None, 'argsrepr': '()', 'kwargsrepr': '{}', 'origin': 'gen1844@localhost', 'reply_to': '1b9b3424-aef6-3b7e-961d-38a070982822', 'correlation_id': '2526678d-179a-4ab9-984e-9bafbf454cd4', 'delivery_info': {'exchange': '', 'routing_key': 'celery', 'priority': 0, 'redelivered': None}}, b'\x80\x02)}q\x00}q\x01(X\t\x00\x00\x00callbacksq\x02NX\x08\x00\x00\x00errbacksq\x03NX\x05\x00\x00\x00chainq\x04NX\x05\x00\x00\x00chordq\x05Nu\x87q\x06.', 'application/x-python-serialize', 'binary') kwargs:{})
Received task: assets.tasks.test_admin_user_connectability_period[9cf4e360-cc99-4943-be4c-6bd1611bb6c5]  
TaskPool: Apply <function _fast_trace_task at 0x107e0bc80> (args:('assets.tasks.test_admin_user_connectability_period', '9cf4e360-cc99-4943-be4c-6bd1611bb6c5', {'lang': 'py', 'task': 'assets.tasks.test_admin_user_connectability_period', 'id': '9cf4e360-cc99-4943-be4c-6bd1611bb6c5', 'eta': None, 'expires': None, 'group': None, 'retries': 0, 'timelimit': [None, None], 'root_id': '9cf4e360-cc99-4943-be4c-6bd1611bb6c5', 'parent_id': None, 'argsrepr': '()', 'kwargsrepr': '{}', 'origin': 'gen1844@localhost', 'reply_to': '1b9b3424-aef6-3b7e-961d-38a070982822', 'correlation_id': '9cf4e360-cc99-4943-be4c-6bd1611bb6c5', 'delivery_info': {'exchange': '', 'routing_key': 'celery', 'priority': 0, 'redelivered': None}}, b'\x80\x02)}q\x00}q\x01(X\t\x00\x00\x00callbacksq\x02NX\x08\x00\x00\x00errbacksq\x03NX\x05\x00\x00\x00chainq\x04NX\x05\x00\x00\x00chordq\x05Nu\x87q\x06.', 'application/x-python-serialize', 'binary') kwargs:{})
Task accepted: assets.tasks.update_assets_hardware_info_period[2526678d-179a-4ab9-984e-9bafbf454cd4] pid:1860
Received task: assets.tasks.test_system_user_connectability_period[ed441517-1dfe-4a0c-ac0d-9d9e33eeff18]  
TaskPool: Apply <function _fast_trace_task at 0x107e0bc80> (args:('assets.tasks.test_system_user_connectability_period', 'ed441517-1dfe-4a0c-ac0d-9d9e33eeff18', {'lang': 'py', 'task': 'assets.tasks.test_system_user_connectability_period', 'id': 'ed441517-1dfe-4a0c-ac0d-9d9e33eeff18', 'eta': None, 'expires': None, 'group': None, 'retries': 0, 'timelimit': [None, None], 'root_id': 'ed441517-1dfe-4a0c-ac0d-9d9e33eeff18', 'parent_id': None, 'argsrepr': '()', 'kwargsrepr': '{}', 'origin': 'gen1844@localhost', 'reply_to': '1b9b3424-aef6-3b7e-961d-38a070982822', 'correlation_id': 'ed441517-1dfe-4a0c-ac0d-9d9e33eeff18', 'delivery_info': {'exchange': '', 'routing_key': 'celery', 'priority': 0, 'redelivered': None}}, b'\x80\x02)}q\x00}q\x01(X\t\x00\x00\x00callbacksq\x02NX\x08\x00\x00\x00errbacksq\x03NX\x05\x00\x00\x00chainq\x04NX\x05\x00\x00\x00chordq\x05Nu\x87q\x06.', 'application/x-python-serialize', 'binary') kwargs:{})
Task accepted: assets.tasks.test_admin_user_connectability_period[9cf4e360-cc99-4943-be4c-6bd1611bb6c5] pid:1859
Received task: terminal.tasks.delete_terminal_status_period[e6aacc35-396a-46f5-a826-ce7be9b30608]  
TaskPool: Apply <function _fast_trace_task at 0x107e0bc80> (args:('terminal.tasks.delete_terminal_status_period', 'e6aacc35-396a-46f5-a826-ce7be9b30608', {'lang': 'py', 'task': 'terminal.tasks.delete_terminal_status_period', 'id': 'e6aacc35-396a-46f5-a826-ce7be9b30608', 'eta': None, 'expires': None, 'group': None, 'retries': 0, 'timelimit': [None, None], 'root_id': 'e6aacc35-396a-46f5-a826-ce7be9b30608', 'parent_id': None, 'argsrepr': '()', 'kwargsrepr': '{}', 'origin': 'gen1844@localhost', 'reply_to': '1b9b3424-aef6-3b7e-961d-38a070982822', 'correlation_id': 'e6aacc35-396a-46f5-a826-ce7be9b30608', 'delivery_info': {'exchange': '', 'routing_key': 'celery', 'priority': 0, 'redelivered': None}}, b'\x80\x02)}q\x00}q\x01(X\t\x00\x00\x00callbacksq\x02NX\x08\x00\x00\x00errbacksq\x03NX\x05\x00\x00\x00chainq\x04NX\x05\x00\x00\x00chordq\x05Nu\x87q\x06.', 'application/x-python-serialize', 'binary') kwargs:{})
Task accepted: assets.tasks.test_system_user_connectability_period[ed441517-1dfe-4a0c-ac0d-9d9e33eeff18] pid:1862
Received task: terminal.tasks.clean_orphan_session[4ba1eab0-9478-4b04-b29e-2cf3cbd27826]  
Scaling up 1 processes.
Period task disabled, test admin user connectability pass
Period task disabled, update assets hardware info pass
Period task disabled, test system user connectability pass
Task assets.tasks.test_admin_user_connectability_period[9cf4e360-cc99-4943-be4c-6bd1611bb6c5] succeeded in 0.2288246589996561s: None
Task assets.tasks.update_assets_hardware_info_period[2526678d-179a-4ab9-984e-9bafbf454cd4] succeeded in 0.23864577800122788s: None
Task assets.tasks.test_system_user_connectability_period[ed441517-1dfe-4a0c-ac0d-9d9e33eeff18] succeeded in 0.23650221299976693s: None
Task terminal.tasks.delete_terminal_status_period[e6aacc35-396a-46f5-a826-ce7be9b30608] succeeded in 0.25772693600083585s: None
TaskPool: Apply <function _fast_trace_task at 0x107e0bc80> (args:('terminal.tasks.clean_orphan_session', '4ba1eab0-9478-4b04-b29e-2cf3cbd27826', {'lang': 'py', 'task': 'terminal.tasks.clean_orphan_session', 'id': '4ba1eab0-9478-4b04-b29e-2cf3cbd27826', 'eta': None, 'expires': None, 'group': None, 'retries': 0, 'timelimit': [None, None], 'root_id': '4ba1eab0-9478-4b04-b29e-2cf3cbd27826', 'parent_id': None, 'argsrepr': '()', 'kwargsrepr': '{}', 'origin': 'gen1844@localhost', 'reply_to': '1b9b3424-aef6-3b7e-961d-38a070982822', 'correlation_id': '4ba1eab0-9478-4b04-b29e-2cf3cbd27826', 'delivery_info': {'exchange': '', 'routing_key': 'celery', 'priority': 0, 'redelivered': None}}, b'\x80\x02)}q\x00}q\x01(X\t\x00\x00\x00callbacksq\x02NX\x08\x00\x00\x00errbacksq\x03NX\x05\x00\x00\x00chainq\x04NX\x05\x00\x00\x00chordq\x05Nu\x87q\x06.', 'application/x-python-serialize', 'binary') kwargs:{})
Task accepted: terminal.tasks.delete_terminal_status_period[e6aacc35-396a-46f5-a826-ce7be9b30608] pid:1861
basic.qos: prefetch_count->20
Task accepted: terminal.tasks.clean_orphan_session[4ba1eab0-9478-4b04-b29e-2cf3cbd27826] pid:1860
Task terminal.tasks.clean_orphan_session[4ba1eab0-9478-4b04-b29e-2cf3cbd27826] succeeded in 0.17288086299959105s: None
Received task: users.tasks.write_login_log_async[e8bd6dbf-8275-495b-af8e-d22889b61e89]  
TaskPool: Apply <function _fast_trace_task at 0x107e0bc80> (args:('users.tasks.write_login_log_async', 'e8bd6dbf-8275-495b-af8e-d22889b61e89', {'lang': 'py', 'task': 'users.tasks.write_login_log_async', 'id': 'e8bd6dbf-8275-495b-af8e-d22889b61e89', 'eta': None, 'expires': None, 'group': None, 'retries': 0, 'timelimit': [None, None], 'root_id': 'e8bd6dbf-8275-495b-af8e-d22889b61e89', 'parent_id': None, 'argsrepr': '()', 'kwargsrepr': "{'username': 'admin', 'mfa': 0, 'reason': 0, 'status': True, 'ip': '127.0.0.1', 'type': 'W', 'user_agent': 'Mozilla/5.0 (Macintosh; Intel Mac OS X 10_14_2) AppleWebKit/537.36 (KHTML, like Gecko) Chrome/71.0.3578.80 Safari/537.36'}", 'origin': 'gen1841@localhost', 'reply_to': 'd49df584-08a0-3a91-8655-e5cdfd5dccd4', 'correlation_id': 'e8bd6dbf-8275-495b-af8e-d22889b61e89', 'delivery_info': {'exchange': '', 'routing_key': 'celery', 'priority': 0, 'redelivered': None}},... kwargs:{})
Task accepted: users.tasks.write_login_log_async[e8bd6dbf-8275-495b-af8e-d22889b61e89] pid:1860
Starting new HTTP connection (1): ip.taobao.com
http://ip.taobao.com:80 "GET /service/getIpInfo.php?ip=127.0.0.1 HTTP/1.1" 502 None
Task users.tasks.write_login_log_async[e8bd6dbf-8275-495b-af8e-d22889b61e89] succeeded in 0.2270412129983015s: None
Scaling down 1 processes.
basic.qos: prefetch_count->16
Received task: users.tasks.write_login_log_async[c7edc09e-7d57-4556-b5c8-03bfa717d6c6]  
TaskPool: Apply <function _fast_trace_task at 0x107e0bc80> (args:('users.tasks.write_login_log_async', 'c7edc09e-7d57-4556-b5c8-03bfa717d6c6', {'lang': 'py', 'task': 'users.tasks.write_login_log_async', 'id': 'c7edc09e-7d57-4556-b5c8-03bfa717d6c6', 'eta': None, 'expires': None, 'group': None, 'retries': 0, 'timelimit': [None, None], 'root_id': 'c7edc09e-7d57-4556-b5c8-03bfa717d6c6', 'parent_id': None, 'argsrepr': '()', 'kwargsrepr': "{'username': 'admin', 'mfa': 0, 'reason': 0, 'status': True, 'ip': '127.0.0.1', 'type': 'W', 'user_agent': 'Mozilla/5.0 (Macintosh; Intel Mac OS X 10_14_2) AppleWebKit/537.36 (KHTML, like Gecko) Chrome/71.0.3578.80 Safari/537.36'}", 'origin': 'gen1842@localhost', 'reply_to': '90429ccc-1c8e-3b90-bb59-a3d22e39f5b7', 'correlation_id': 'c7edc09e-7d57-4556-b5c8-03bfa717d6c6', 'delivery_info': {'exchange': '', 'routing_key': 'celery', 'priority': 0, 'redelivered': None}},... kwargs:{})
Task accepted: users.tasks.write_login_log_async[c7edc09e-7d57-4556-b5c8-03bfa717d6c6] pid:1860
Starting new HTTP connection (1): ip.taobao.com
http://ip.taobao.com:80 "GET /service/getIpInfo.php?ip=127.0.0.1 HTTP/1.1" 200 None
Task users.tasks.write_login_log_async[c7edc09e-7d57-4556-b5c8-03bfa717d6c6] succeeded in 1.2531862750001892s: None
Received task: users.tasks.write_login_log_async[be5e70c5-4290-458c-b1ab-8a1a2638284d]  
TaskPool: Apply <function _fast_trace_task at 0x107e0bc80> (args:('users.tasks.write_login_log_async', 'be5e70c5-4290-458c-b1ab-8a1a2638284d', {'lang': 'py', 'task': 'users.tasks.write_login_log_async', 'id': 'be5e70c5-4290-458c-b1ab-8a1a2638284d', 'eta': None, 'expires': None, 'group': None, 'retries': 0, 'timelimit': [None, None], 'root_id': 'be5e70c5-4290-458c-b1ab-8a1a2638284d', 'parent_id': None, 'argsrepr': '()', 'kwargsrepr': "{'username': 'admin', 'mfa': 0, 'reason': 0, 'status': True, 'ip': '127.0.0.1', 'type': 'W', 'user_agent': 'Mozilla/5.0 (Macintosh; Intel Mac OS X 10_14_2) AppleWebKit/537.36 (KHTML, like Gecko) Chrome/71.0.3578.80 Safari/537.36'}", 'origin': 'gen1841@localhost', 'reply_to': 'd49df584-08a0-3a91-8655-e5cdfd5dccd4', 'correlation_id': 'be5e70c5-4290-458c-b1ab-8a1a2638284d', 'delivery_info': {'exchange': '', 'routing_key': 'celery', 'priority': 0, 'redelivered': None}},... kwargs:{})
Task accepted: users.tasks.write_login_log_async[be5e70c5-4290-458c-b1ab-8a1a2638284d] pid:1861
Starting new HTTP connection (1): ip.taobao.com
http://ip.taobao.com:80 "GET /service/getIpInfo.php?ip=127.0.0.1 HTTP/1.1" 200 None
Task users.tasks.write_login_log_async[be5e70c5-4290-458c-b1ab-8a1a2638284d] succeeded in 0.29087305099892546s: None
Received task: users.tasks.write_login_log_async[f1be9d89-7e57-4e84-aaf9-a7a2a3f12fa3]  
TaskPool: Apply <function _fast_trace_task at 0x107e0bc80> (args:('users.tasks.write_login_log_async', 'f1be9d89-7e57-4e84-aaf9-a7a2a3f12fa3', {'lang': 'py', 'task': 'users.tasks.write_login_log_async', 'id': 'f1be9d89-7e57-4e84-aaf9-a7a2a3f12fa3', 'eta': None, 'expires': None, 'group': None, 'retries': 0, 'timelimit': [None, None], 'root_id': 'f1be9d89-7e57-4e84-aaf9-a7a2a3f12fa3', 'parent_id': None, 'argsrepr': '()', 'kwargsrepr': "{'username': 'admin', 'mfa': 0, 'reason': 0, 'status': True, 'ip': '127.0.0.1', 'type': 'W', 'user_agent': 'Mozilla/5.0 (Macintosh; Intel Mac OS X 10_14_2) AppleWebKit/537.36 (KHTML, like Gecko) Chrome/71.0.3578.80 Safari/537.36'}", 'origin': 'gen1841@localhost', 'reply_to': 'd49df584-08a0-3a91-8655-e5cdfd5dccd4', 'correlation_id': 'f1be9d89-7e57-4e84-aaf9-a7a2a3f12fa3', 'delivery_info': {'exchange': '', 'routing_key': 'celery', 'priority': 0, 'redelivered': None}},... kwargs:{})
Task accepted: users.tasks.write_login_log_async[f1be9d89-7e57-4e84-aaf9-a7a2a3f12fa3] pid:1860
Starting new HTTP connection (1): ip.taobao.com
http://ip.taobao.com:80 "GET /service/getIpInfo.php?ip=127.0.0.1 HTTP/1.1" 200 None
Task users.tasks.write_login_log_async[f1be9d89-7e57-4e84-aaf9-a7a2a3f12fa3] succeeded in 0.223589269000513s: None
Received task: users.tasks.write_login_log_async[9d755c40-73c6-4f4b-8dd2-d57865064d6a]  
TaskPool: Apply <function _fast_trace_task at 0x107e0bc80> (args:('users.tasks.write_login_log_async', '9d755c40-73c6-4f4b-8dd2-d57865064d6a', {'lang': 'py', 'task': 'users.tasks.write_login_log_async', 'id': '9d755c40-73c6-4f4b-8dd2-d57865064d6a', 'eta': None, 'expires': None, 'group': None, 'retries': 0, 'timelimit': [None, None], 'root_id': '9d755c40-73c6-4f4b-8dd2-d57865064d6a', 'parent_id': None, 'argsrepr': '()', 'kwargsrepr': "{'username': 'admin', 'mfa': 0, 'reason': 0, 'status': True, 'ip': '127.0.0.1', 'type': 'W', 'user_agent': 'Mozilla/5.0 (Macintosh; Intel Mac OS X 10_14_2) AppleWebKit/537.36 (KHTML, like Gecko) Chrome/71.0.3578.80 Safari/537.36'}", 'origin': 'gen1841@localhost', 'reply_to': 'd49df584-08a0-3a91-8655-e5cdfd5dccd4', 'correlation_id': '9d755c40-73c6-4f4b-8dd2-d57865064d6a', 'delivery_info': {'exchange': '', 'routing_key': 'celery', 'priority': 0, 'redelivered': None}},... kwargs:{})
Task accepted: users.tasks.write_login_log_async[9d755c40-73c6-4f4b-8dd2-d57865064d6a] pid:1861
Starting new HTTP connection (1): ip.taobao.com
http://ip.taobao.com:80 "GET /service/getIpInfo.php?ip=127.0.0.1 HTTP/1.1" 200 None
Task users.tasks.write_login_log_async[9d755c40-73c6-4f4b-8dd2-d57865064d6a] succeeded in 0.25199558600070304s: None
Received task: users.tasks.write_login_log_async[9e80b777-15fd-4b79-9ea8-b0f80728b1cf]  
TaskPool: Apply <function _fast_trace_task at 0x107e0bc80> (args:('users.tasks.write_login_log_async', '9e80b777-15fd-4b79-9ea8-b0f80728b1cf', {'lang': 'py', 'task': 'users.tasks.write_login_log_async', 'id': '9e80b777-15fd-4b79-9ea8-b0f80728b1cf', 'eta': None, 'expires': None, 'group': None, 'retries': 0, 'timelimit': [None, None], 'root_id': '9e80b777-15fd-4b79-9ea8-b0f80728b1cf', 'parent_id': None, 'argsrepr': '()', 'kwargsrepr': "{'username': 'admin', 'mfa': 0, 'reason': 0, 'status': True, 'ip': '127.0.0.1', 'type': 'W', 'user_agent': 'Mozilla/5.0 (Macintosh; Intel Mac OS X 10_14_2) AppleWebKit/537.36 (KHTML, like Gecko) Chrome/71.0.3578.80 Safari/537.36'}", 'origin': 'gen1842@localhost', 'reply_to': '90429ccc-1c8e-3b90-bb59-a3d22e39f5b7', 'correlation_id': '9e80b777-15fd-4b79-9ea8-b0f80728b1cf', 'delivery_info': {'exchange': '', 'routing_key': 'celery', 'priority': 0, 'redelivered': None}},... kwargs:{})
Task accepted: users.tasks.write_login_log_async[9e80b777-15fd-4b79-9ea8-b0f80728b1cf] pid:1860
Starting new HTTP connection (1): ip.taobao.com
http://ip.taobao.com:80 "GET /service/getIpInfo.php?ip=127.0.0.1 HTTP/1.1" 502 None
Task users.tasks.write_login_log_async[9e80b777-15fd-4b79-9ea8-b0f80728b1cf] succeeded in 0.20012991899966437s: None
